<?xml version="1.0" encoding="UTF-8"?>
<testsuite xmlns:xsi="http://www.w3.org/2001/XMLSchema-instance" xsi:noNamespaceSchemaLocation="https://maven.apache.org/surefire/maven-surefire-plugin/xsd/surefire-test-report-3.0.xsd" version="3.0" name="com.devops.lab.weatheralert.service.WeatherAlertServiceTest" time="5.166" tests="5" errors="0" skipped="0" failures="0">
  <properties>
[...]
</properties>
  <testcase name="testGetWeatherData" classname="com.devops.lab.weatheralert.service.WeatherAlertServiceTest" time="1.33">
    <system-out><![CDATA[16:46:14.323 [main] INFO org.springframework.test.context.support.AnnotationConfigContextLoaderUtils -- Could not detect default configuration classes for test class [com.devops.lab.weatheralert.service.WeatherAlertServiceTest]: WeatherAlertServiceTest does not declare any static, non-private, non-final, nested classes annotated with @Configuration.
16:46:14.633 [main] INFO org.springframework.boot.test.context.SpringBootTestContextBootstrapper -- Found @SpringBootConfiguration com.devops.lab.weatheralert.WeatherAlertApplication for test class com.devops.lab.weatheralert.service.WeatherAlertServiceTest

  .   ____          _            __ _ _
 /\\ / ___'_ __ _ _(_)_ __  __ _ \ \ \ \
( ( )\___ | '_ | '_| | '_ \/ _` | \ \ \ \
 \\/  ___)| |_)| | | | | || (_| |  ) ) ) )
  '  |____| .__|_| |_|_| |_\__, | / / / /
 =========|_|==============|___/=/_/_/_/
 :: Spring Boot ::                (v3.1.5)

2025-11-23 16:46:15 - Starting WeatherAlertServiceTest using Java 17.0.17 with PID 17496 (started by karth in C:\Users\karth\eclipse-workspace\weather-alert-system)
2025-11-23 16:46:15 - Running with Spring Boot v3.1.5, Spring v6.0.13
2025-11-23 16:46:15 - No active profile set, falling back to 1 default profile: "default"
2025-11-23 16:46:17 - Exposing 3 endpoint(s) beneath base path '/actuator'
2025-11-23 16:46:17 - Started WeatherAlertServiceTest in 2.518 seconds (process running for 4.869)
]]></system-out>
  </testcase>
  <testcase name="testMultipleLocations" classname="com.devops.lab.weatheralert.service.WeatherAlertServiceTest" time="0.007"/>
  <testcase name="testAlertResponseStructure" classname="com.devops.lab.weatheralert.service.WeatherAlertServiceTest" time="0.002"/>
  <testcase name="testServiceHealth" classname="com.devops.lab.weatheralert.service.WeatherAlertServiceTest" time="0.001"/>
  <testcase name="testAnalyzeWeather" classname="com.devops.lab.weatheralert.service.WeatherAlertServiceTest" time="0.002"/>
</testsuite>